<?xml version="1.0" encoding="UTF-8"?>
<!-- Generated by org.testng.reporters.JUnitReportReporter -->
<testsuite hostname="LAPTOP-62HA4Q3I" failures="0" tests="3" name="com.qa.magneto.test.AccountTest" time="0.375" errors="0" timestamp="05 Dec 2023 07:27:04 GMT" skipped="0">
  <testcase classname="com.qa.magneto.test.AccountTest" name="getPageTitle" time="0.074"/>
  <testcase classname="com.qa.magneto.test.AccountTest" name="headerDropDownTest" time="0.176"/>
  <testcase classname="com.qa.magneto.test.AccountTest" name="accountPageLinksTest" time="0.125"/>
</testsuite> <!-- com.qa.magneto.test.AccountTest -->
