<?xml version="1.0" encoding="UTF-8"?>
<!-- Generated by org.testng.reporters.JUnitReportReporter -->
<testsuite hostname="LAPTOP-62HA4Q3I" failures="0" tests="5" name="com.qa.magneto.test.ProdInfoPageTest" time="8.027" errors="0" timestamp="2023-12-22T09:01:08 IST" skipped="0">
  <testcase classname="com.qa.magneto.test.ProdInfoPageTest" name="headerNameTest" time="0.054"/>
  <testcase classname="com.qa.magneto.test.ProdInfoPageTest" name="productDataTest" time="0.272"/>
  <testcase classname="com.qa.magneto.test.ProdInfoPageTest" name="selectProdSizeTest" time="0.337"/>
  <testcase classname="com.qa.magneto.test.ProdInfoPageTest" name="addToCartTest" time="5.258"/>
  <testcase classname="com.qa.magneto.test.ProdInfoPageTest" name="proceedTOCartTest" time="2.106"/>
</testsuite> <!-- com.qa.magneto.test.ProdInfoPageTest -->
