<?xml version="1.0" encoding="UTF-8"?>
<!-- Generated by org.testng.reporters.JUnitReportReporter -->
<testsuite hostname="LAPTOP-62HA4Q3I" failures="0" tests="6" name="com.qa.magneto.test.AccountTest" time="0.913" errors="0" timestamp="08 Dec 2023 03:26:51 GMT" skipped="0">
  <testcase classname="com.qa.magneto.test.AccountTest" name="searchProdTest" time="0.355"/>
  <testcase classname="com.qa.magneto.test.AccountTest" name="searchProdTest" time="0.193"/>
  <testcase classname="com.qa.magneto.test.AccountTest" name="searchProdTest" time="0.186"/>
  <testcase classname="com.qa.magneto.test.AccountTest" name="getPageTitle" time="0.014"/>
  <testcase classname="com.qa.magneto.test.AccountTest" name="headerDropDownTest" time="0.086"/>
  <testcase classname="com.qa.magneto.test.AccountTest" name="accountPageLinksTest" time="0.079"/>
</testsuite> <!-- com.qa.magneto.test.AccountTest -->
