<?xml version="1.0" encoding="UTF-8"?>
<!-- Generated by org.testng.reporters.JUnitReportReporter -->
<testsuite hostname="LAPTOP-62HA4Q3I" failures="0" tests="7" name="com.qa.magneto.test.AccountTest" time="24.955" errors="0" timestamp="18 Dec 2023 02:41:40 GMT" skipped="0">
  <testcase classname="com.qa.magneto.test.AccountTest" name="getPageTitle" time="0.072"/>
  <testcase classname="com.qa.magneto.test.AccountTest" name="headerDropDownTest" time="0.175"/>
  <testcase classname="com.qa.magneto.test.AccountTest" name="accountPageLinksTest" time="0.115"/>
  <testcase classname="com.qa.magneto.test.AccountTest" name="multiProdSearchTest" time="3.542"/>
  <testcase classname="com.qa.magneto.test.AccountTest" name="multiProdSearchTest" time="9.248"/>
  <testcase classname="com.qa.magneto.test.AccountTest" name="searchProdTest" time="3.737"/>
  <testcase classname="com.qa.magneto.test.AccountTest" name="selectProductTest" time="8.066"/>
</testsuite> <!-- com.qa.magneto.test.AccountTest -->
