<?xml version="1.0" encoding="UTF-8"?>
<!-- Generated by org.testng.reporters.JUnitReportReporter -->
<testsuite hostname="LAPTOP-62HA4Q3I" failures="0" tests="7" name="com.qa.magneto.test.AccountTest" time="15.574" errors="0" timestamp="2024-01-07T17:25:47 IST" skipped="0">
  <testcase classname="com.qa.magneto.test.AccountTest" name="getPageTitle" time="0.183"/>
  <testcase classname="com.qa.magneto.test.AccountTest" name="headerDropDownTest" time="0.296"/>
  <testcase classname="com.qa.magneto.test.AccountTest" name="accountPageLinksTest" time="0.133"/>
  <testcase classname="com.qa.magneto.test.AccountTest" name="multiProdSearchTest" time="2.813"/>
  <testcase classname="com.qa.magneto.test.AccountTest" name="multiProdSearchTest" time="3.969"/>
  <testcase classname="com.qa.magneto.test.AccountTest" name="searchProdTest" time="1.895"/>
  <testcase classname="com.qa.magneto.test.AccountTest" name="selectProductTest" time="6.285"/>
</testsuite> <!-- com.qa.magneto.test.AccountTest -->
