<?xml version="1.0" encoding="UTF-8"?>
<!-- Generated by org.testng.reporters.JUnitReportReporter -->
<testsuite hostname="LAPTOP-62HA4Q3I" failures="0" tests="4" name="com.qa.magneto.test.LoginPageTest" time="2.380" errors="0" timestamp="07 Dec 2023 06:23:59 GMT" skipped="0">
  <testcase classname="com.qa.magneto.test.LoginPageTest" name="loginPageTitleTest" time="0.020"/>
  <testcase classname="com.qa.magneto.test.LoginPageTest" name="headerTitleTest" time="0.047"/>
  <testcase classname="com.qa.magneto.test.LoginPageTest" name="createAccountBtnTest" time="0.032"/>
  <testcase classname="com.qa.magneto.test.LoginPageTest" name="doLoginTest" time="2.281"/>
</testsuite> <!-- com.qa.magneto.test.LoginPageTest -->
