<?xml version="1.0" encoding="UTF-8"?>
<!-- Generated by org.testng.reporters.JUnitReportReporter -->
<testsuite hostname="LAPTOP-62HA4Q3I" failures="0" tests="4" name="com.qa.magneto.test.LoginPageTest" time="2.401" errors="0" timestamp="04 Dec 2023 07:41:46 GMT" skipped="0">
  <testcase classname="com.qa.magneto.test.LoginPageTest" name="loginPageTitleTest" time="0.014"/>
  <testcase classname="com.qa.magneto.test.LoginPageTest" name="headerTitleTest" time="0.037"/>
  <testcase classname="com.qa.magneto.test.LoginPageTest" name="createAccountBtnTest" time="0.028"/>
  <testcase classname="com.qa.magneto.test.LoginPageTest" name="doLoginTest" time="2.322"/>
</testsuite> <!-- com.qa.magneto.test.LoginPageTest -->
