<?xml version="1.0" encoding="UTF-8"?>
<!-- Generated by org.testng.reporters.JUnitReportReporter -->
<testsuite hostname="LAPTOP-62HA4Q3I" failures="0" tests="1" name="com.qa.magneto.test.SampleTest" time="3.706" errors="0" timestamp="12 Dec 2023 05:03:20 GMT" skipped="0">
  <testcase classname="com.qa.magneto.test.SampleTest" name="clickOnProductTest" time="3.706"/>
</testsuite> <!-- com.qa.magneto.test.SampleTest -->
