<?xml version="1.0" encoding="UTF-8"?>
<!-- Generated by org.testng.reporters.JUnitReportReporter -->
<testsuite hostname="LAPTOP-62HA4Q3I" failures="0" tests="6" name="com.qa.magneto.test.AccountTest" time="0.966" errors="0" timestamp="09 Dec 2023 06:34:18 GMT" skipped="0">
  <testcase classname="com.qa.magneto.test.AccountTest" name="searchProdTest" time="0.198"/>
  <testcase classname="com.qa.magneto.test.AccountTest" name="searchProdTest" time="0.306"/>
  <testcase classname="com.qa.magneto.test.AccountTest" name="searchProdTest" time="0.195"/>
  <testcase classname="com.qa.magneto.test.AccountTest" name="getPageTitle" time="0.025"/>
  <testcase classname="com.qa.magneto.test.AccountTest" name="headerDropDownTest" time="0.114"/>
  <testcase classname="com.qa.magneto.test.AccountTest" name="accountPageLinksTest" time="0.128"/>
</testsuite> <!-- com.qa.magneto.test.AccountTest -->
